[data/ini/loc.ini]
default=#G3:/Data/Raw/Strings/strings.csv
document=#G3:/Data/Raw/Strings/documents.csv
focus=#G3:/Data/Raw/Strings/focus.csv
focus_unique=#G3:/Data/Raw/Strings/focus_unique.csv
info=#G3:/Data/Raw/Strings/infos.csv
infodesc=#G3:/Data/Raw/Strings/infodescs.csv
quest=#G3:/Data/Raw/Strings/quests.csv
questdesc=#G3:/Data/Raw/Strings/questdescs.csv
cutscene=#G3:/Data/Raw/Strings/cutscenes.csv
svm=#G3:/Data/Raw/Strings/svms.csv
skills=#G3:/Data/Raw/Strings/skills.csv
ui=#G3:/Data/Raw/Strings/ui.csv
item=#G3:/Data/Raw/Strings/items.csv
storyprints=#G3:/Data/Raw/Strings/storyprints.csv
mapinfo=#G3:/Data/Raw/Strings/mapinfo.csv
TUT=#G3:/Data/Raw/Strings/tutorial.csv
ACH=#G3:/Data/Raw/Strings/achievements.csv
PLAT=#G3:/Data/Raw/Strings/platwin.csv

[#G3:/Data/Raw/Strings/strings.csv]
modtime=2021-10-02T00:05:46
records=13439
unnamed=13400

[#G3:/Data/Raw/Strings/documents.csv]
modtime=2021-09-31T23:46:02
records=580
unnamed=0

[#G3:/Data/Raw/Strings/focus.csv]
modtime=2021-09-31T23:46:02
records=0
unnamed=0

[#G3:/Data/Raw/Strings/focus_unique.csv]
modtime=2021-09-31T23:46:02
records=0
unnamed=0

[#G3:/Data/Raw/Strings/infos.csv]
modtime=2021-09-31T23:46:02
records=25025
unnamed=0

[#G3:/Data/Raw/Strings/infodescs.csv]
modtime=2021-09-31T23:46:02
records=455
unnamed=0

[#G3:/Data/Raw/Strings/quests.csv]
modtime=2021-09-31T23:46:02
records=742
unnamed=0

[#G3:/Data/Raw/Strings/questdescs.csv]
modtime=2021-09-31T23:46:02
records=864
unnamed=0

[#G3:/Data/Raw/Strings/cutscenes.csv]
modtime=2021-09-31T23:46:02
records=0
unnamed=0

[#G3:/Data/Raw/Strings/svms.csv]
modtime=2021-09-31T23:46:02
records=0
unnamed=0

[#G3:/Data/Raw/Strings/skills.csv]
modtime=2021-09-31T23:46:02
records=0
unnamed=0

[#G3:/Data/Raw/Strings/ui.csv]
modtime=2021-09-31T23:46:02
records=217
unnamed=0

[#G3:/Data/Raw/Strings/items.csv]
modtime=2021-10-02T00:02:46
records=1
unnamed=0

[#G3:/Data/Raw/Strings/storyprints.csv]
modtime=2021-09-31T23:46:02
records=0
unnamed=0

[#G3:/Data/Raw/Strings/mapinfo.csv]
modtime=2021-09-31T23:46:02
records=5
unnamed=0

[#G3:/Data/Raw/Strings/tutorial.csv]
modtime=2021-09-31T23:46:02
records=22
unnamed=0

[#G3:/Data/Raw/Strings/achievements.csv]
modtime=2021-09-31T23:46:02
records=102
unnamed=0

[#G3:/Data/Raw/Strings/platwin.csv]
modtime=2021-09-31T23:46:02
records=0
unnamed=0

[data/compiled/localization/new_en.str]
filter=*_Text;*_StageDir
target=x64
version=7
strings=41452
columns=2/2
column.0.name=English_Text
column.0.seq_avg=9,451325
column.0.seq_num=374556
column.0.sym_num=65536
column.1.name=English_StageDir
column.1.seq_avg=1,687580
column.1.seq_num=17080
column.1.sym_num=28821

